BEGIN;
BEGIN
EXPLAIN (ANALYZE, BUFFERS)
select
	s_name,
	s_address
from
	supplier,
	nation
where
	s_suppkey in (
		select
			distinct (ps_suppkey)
		from
			partsupp,
			part
		where
			ps_partkey=p_partkey
			and p_name like 'frosted%'
			and ps_availqty > (
				select
					0.5 * sum(l_quantity)
				from
					lineitem
				where
					l_partkey = ps_partkey
					and l_suppkey = ps_suppkey
					and l_shipdate >= '1997-01-01'
					and l_shipdate < cast(date '1997-01-01' + interval '1 year' as date)
			)
	)
	and s_nationkey = n_nationkey
	and n_name = 'BRAZIL'
order by
	s_name;
                                                                                                  QUERY PLAN                                                                                                   
---------------------------------------------------------------------------------------------------------------------------------------------------------------------------------------------------------------
 Sort  (cost=12740712.16..12740715.08 rows=1170 width=51) (actual time=8739.963..8740.060 rows=1843 loops=1)
   Sort Key: supplier.s_name
   Sort Method: quicksort  Memory: 265kB
   Buffers: shared hit=2740517 read=402277 written=70801
   ->  Nested Loop  (cost=12736245.92..12740652.53 rows=1170 width=51) (actual time=8658.166..8730.318 rows=1843 loops=1)
         Join Filter: (supplier.s_nationkey = nation.n_nationkey)
         Rows Removed by Join Filter: 43259
         Buffers: shared hit=2740512 read=402277 written=70801
         ->  Seq Scan on nation  (cost=0.00..1.31 rows=1 width=4) (actual time=0.018..0.035 rows=1 loops=1)
               Filter: (n_name = 'BRAZIL'::bpchar)
               Rows Removed by Filter: 24
               Buffers: shared hit=1
         ->  Hash Semi Join  (cost=12736245.92..12740285.46 rows=29261 width=55) (actual time=8658.004..8726.076 rows=45102 loops=1)
               Hash Cond: (supplier.s_suppkey = partsupp.ps_suppkey)
               Buffers: shared hit=2740511 read=402277 written=70801
               ->  Seq Scan on supplier  (cost=0.00..3179.00 rows=100000 width=59) (actual time=0.023..26.467 rows=100000 loops=1)
                     Buffers: shared hit=2179
               ->  Hash  (cost=12735880.15..12735880.15 rows=29261 width=4) (actual time=8657.885..8657.885 rows=45102 loops=1)
                     Buckets: 4096  Batches: 1  Memory Usage: 1586kB
                     Buffers: shared hit=2738332 read=402277 written=70801
                     ->  HashAggregate  (cost=12735294.93..12735587.54 rows=29261 width=4) (actual time=8636.832..8648.471 rows=45102 loops=1)
                           Buffers: shared hit=2738332 read=402277 written=70801
                           ->  Nested Loop  (cost=0.00..12735221.78 rows=29261 width=4) (actual time=1.100..8574.872 rows=59682 loops=1)
                                 Buffers: shared hit=2738332 read=402277 written=70801
                                 ->  Seq Scan on part  (cost=0.00..65522.00 rows=22022 width=4) (actual time=0.073..453.056 rows=21999 loops=1)
                                       Filter: ((p_name)::text ~~ 'frosted%'::text)
                                       Rows Removed by Filter: 1978001
                                       Buffers: shared hit=40367 read=155
                                 ->  Index Scan using pk_partsupp on partsupp  (cost=0.00..575.31 rows=1 width=8) (actual time=0.319..0.368 rows=3 loops=21999)
                                       Index Cond: (ps_partkey = part.p_partkey)
                                       Filter: ((ps_availqty)::double precision > (SubPlan 1))
                                       Rows Removed by Filter: 1
                                       Buffers: shared hit=2697965 read=402122 written=70801
                                       SubPlan 1
                                         ->  Aggregate  (cost=140.92..140.93 rows=1 width=4) (actual time=0.087..0.087 rows=1 loops=87996)
                                               Buffers: shared hit=2607228 read=402021 written=70773
                                               ->  Index Scan using lineitem_l_partkey_l_quantity_l_shipmode_idx on lineitem  (cost=0.00..140.92 rows=1 width=4) (actual time=0.054..0.086 rows=1 loops=87996)
                                                     Index Cond: (l_partkey = partsupp.ps_partkey)
                                                     Filter: ((l_shipdate >= '1997-01-01'::date) AND (l_shipdate < '1998-01-01'::date) AND (l_suppkey = partsupp.ps_suppkey))
                                                     Rows Removed by Filter: 29
                                                     Buffers: shared hit=2607228 read=402021 written=70773
 Total runtime: 8741.924 ms
(42 rows)

COMMIT;
COMMIT
