BEGIN;
BEGIN
EXPLAIN (ANALYZE, BUFFERS)
select
	s_name,
	s_address
from
	supplier,
	nation
where
	s_suppkey in (
		select
			distinct (ps_suppkey)
		from
			partsupp,
			part
		where
			ps_partkey=p_partkey
			and p_name like 'steel%'
			and ps_availqty > (
				select
					0.5 * sum(l_quantity)
				from
					lineitem
				where
					l_partkey = ps_partkey
					and l_suppkey = ps_suppkey
					and l_shipdate >= '1995-01-01'
					and l_shipdate < cast(date '1995-01-01' + interval '1 year' as date)
			)
	)
	and s_nationkey = n_nationkey
	and n_name = 'KENYA'
order by
	s_name;
                                                                                                  QUERY PLAN                                                                                                   
---------------------------------------------------------------------------------------------------------------------------------------------------------------------------------------------------------------
 Sort  (cost=12740712.16..12740715.08 rows=1170 width=51) (actual time=19874.864..19875.104 rows=1829 loops=1)
   Sort Key: supplier.s_name
   Sort Method: quicksort  Memory: 262kB
   Buffers: shared hit=2721079 read=362508 dirtied=897 written=20685
   ->  Nested Loop  (cost=12736245.92..12740652.53 rows=1170 width=51) (actual time=19613.369..19836.810 rows=1829 loops=1)
         Join Filter: (supplier.s_nationkey = nation.n_nationkey)
         Rows Removed by Join Filter: 42652
         Buffers: shared hit=2721074 read=362508 dirtied=897 written=20685
         ->  Seq Scan on nation  (cost=0.00..1.31 rows=1 width=4) (actual time=0.015..0.028 rows=1 loops=1)
               Filter: (n_name = 'KENYA'::bpchar)
               Rows Removed by Filter: 24
               Buffers: shared hit=1
         ->  Hash Semi Join  (cost=12736245.92..12740285.46 rows=29261 width=55) (actual time=19613.221..19827.136 rows=44481 loops=1)
               Hash Cond: (supplier.s_suppkey = partsupp.ps_suppkey)
               Buffers: shared hit=2721073 read=362508 dirtied=897 written=20685
               ->  Seq Scan on supplier  (cost=0.00..3179.00 rows=100000 width=59) (actual time=0.022..57.400 rows=100000 loops=1)
                     Buffers: shared hit=2179
               ->  Hash  (cost=12735880.15..12735880.15 rows=29261 width=4) (actual time=19613.144..19613.144 rows=44481 loops=1)
                     Buckets: 4096  Batches: 1  Memory Usage: 1564kB
                     Buffers: shared hit=2718894 read=362508 dirtied=897 written=20685
                     ->  HashAggregate  (cost=12735294.93..12735587.54 rows=29261 width=4) (actual time=19557.179..19593.973 rows=44481 loops=1)
                           Buffers: shared hit=2718894 read=362508 dirtied=897 written=20685
                           ->  Nested Loop  (cost=0.00..12735221.78 rows=29261 width=4) (actual time=2.502..19415.796 rows=58599 loops=1)
                                 Buffers: shared hit=2718894 read=362508 dirtied=897 written=20685
                                 ->  Seq Scan on part  (cost=0.00..65522.00 rows=22022 width=4) (actual time=0.079..1489.612 rows=21567 loops=1)
                                       Filter: ((p_name)::text ~~ 'steel%'::text)
                                       Rows Removed by Filter: 1978433
                                       Buffers: shared hit=9160 read=31362 written=1431
                                 ->  Index Scan using pk_partsupp on partsupp  (cost=0.00..575.31 rows=1 width=8) (actual time=0.629..0.827 rows=3 loops=21567)
                                       Index Cond: (ps_partkey = part.p_partkey)
                                       Filter: ((ps_availqty)::double precision > (SubPlan 1))
                                       Rows Removed by Filter: 1
                                       Buffers: shared hit=2709734 read=331146 dirtied=897 written=19254
                                       SubPlan 1
                                         ->  Aggregate  (cost=140.92..140.93 rows=1 width=4) (actual time=0.191..0.191 rows=1 loops=86268)
                                               Buffers: shared hit=2652057 read=299763 dirtied=897 written=17446
                                               ->  Index Scan using lineitem_l_partkey_l_quantity_l_shipmode_idx on lineitem  (cost=0.00..140.92 rows=1 width=4) (actual time=0.120..0.188 rows=1 loops=86268)
                                                     Index Cond: (l_partkey = partsupp.ps_partkey)
                                                     Filter: ((l_shipdate >= '1995-01-01'::date) AND (l_shipdate < '1996-01-01'::date) AND (l_suppkey = partsupp.ps_suppkey))
                                                     Rows Removed by Filter: 29
                                                     Buffers: shared hit=2652057 read=299763 dirtied=897 written=17446
 Total runtime: 19878.013 ms
(42 rows)

COMMIT;
COMMIT
