BEGIN;
BEGIN
EXPLAIN (ANALYZE, BUFFERS)
select
	s_name,
	s_address
from
	supplier,
	nation
where
	s_suppkey in (
		select
			distinct (ps_suppkey)
		from
			partsupp,
			part
		where
			ps_partkey=p_partkey
			and p_name like 'mint%'
			and ps_availqty > (
				select
					0.5 * sum(l_quantity)
				from
					lineitem
				where
					l_partkey = ps_partkey
					and l_suppkey = ps_suppkey
					and l_shipdate >= '1997-01-01'
					and l_shipdate < cast(date '1997-01-01' + interval '1 year' as date)
			)
	)
	and s_nationkey = n_nationkey
	and n_name = 'VIETNAM'
order by
	s_name;
                                                                                                  QUERY PLAN                                                                                                   
---------------------------------------------------------------------------------------------------------------------------------------------------------------------------------------------------------------
 Sort  (cost=12740712.16..12740715.08 rows=1170 width=51) (actual time=14993.403..14993.511 rows=1809 loops=1)
   Sort Key: supplier.s_name
   Sort Method: quicksort  Memory: 259kB
   Buffers: shared hit=2780346 read=326892 dirtied=4426 written=259
   ->  Nested Loop  (cost=12736245.92..12740652.53 rows=1170 width=51) (actual time=14870.507..14984.443 rows=1809 loops=1)
         Join Filter: (supplier.s_nationkey = nation.n_nationkey)
         Rows Removed by Join Filter: 42816
         Buffers: shared hit=2780341 read=326892 dirtied=4426 written=259
         ->  Seq Scan on nation  (cost=0.00..1.31 rows=1 width=4) (actual time=0.020..0.027 rows=1 loops=1)
               Filter: (n_name = 'VIETNAM'::bpchar)
               Rows Removed by Filter: 24
               Buffers: shared hit=1
         ->  Hash Semi Join  (cost=12736245.92..12740285.46 rows=29261 width=55) (actual time=14870.312..14979.541 rows=44625 loops=1)
               Hash Cond: (supplier.s_suppkey = partsupp.ps_suppkey)
               Buffers: shared hit=2780340 read=326892 dirtied=4426 written=259
               ->  Seq Scan on supplier  (cost=0.00..3179.00 rows=100000 width=59) (actual time=0.028..30.886 rows=100000 loops=1)
                     Buffers: shared hit=2179
               ->  Hash  (cost=12735880.15..12735880.15 rows=29261 width=4) (actual time=14870.240..14870.240 rows=44625 loops=1)
                     Buckets: 4096  Batches: 1  Memory Usage: 1569kB
                     Buffers: shared hit=2778161 read=326892 dirtied=4426 written=259
                     ->  HashAggregate  (cost=12735294.93..12735587.54 rows=29261 width=4) (actual time=14840.471..14860.560 rows=44625 loops=1)
                           Buffers: shared hit=2778161 read=326892 dirtied=4426 written=259
                           ->  Nested Loop  (cost=0.00..12735221.78 rows=29261 width=4) (actual time=1.176..14726.192 rows=58762 loops=1)
                                 Buffers: shared hit=2778161 read=326892 dirtied=4426 written=259
                                 ->  Seq Scan on part  (cost=0.00..65522.00 rows=22022 width=4) (actual time=0.064..921.845 rows=21692 loops=1)
                                       Filter: ((p_name)::text ~~ 'mint%'::text)
                                       Rows Removed by Filter: 1978308
                                       Buffers: shared hit=40522
                                 ->  Index Scan using pk_partsupp on partsupp  (cost=0.00..575.31 rows=1 width=8) (actual time=0.492..0.634 rows=3 loops=21692)
                                       Index Cond: (ps_partkey = part.p_partkey)
                                       Filter: ((ps_availqty)::double precision > (SubPlan 1))
                                       Rows Removed by Filter: 1
                                       Buffers: shared hit=2737639 read=326892 dirtied=4426 written=259
                                       SubPlan 1
                                         ->  Aggregate  (cost=140.92..140.93 rows=1 width=4) (actual time=0.148..0.148 rows=1 loops=86768)
                                               Buffers: shared hit=2662524 read=312378 dirtied=4426 written=233
                                               ->  Index Scan using lineitem_l_partkey_l_quantity_l_shipmode_idx on lineitem  (cost=0.00..140.92 rows=1 width=4) (actual time=0.092..0.146 rows=1 loops=86768)
                                                     Index Cond: (l_partkey = partsupp.ps_partkey)
                                                     Filter: ((l_shipdate >= '1997-01-01'::date) AND (l_shipdate < '1998-01-01'::date) AND (l_suppkey = partsupp.ps_suppkey))
                                                     Rows Removed by Filter: 29
                                                     Buffers: shared hit=2662524 read=312378 dirtied=4426 written=233
 Total runtime: 14994.893 ms
(42 rows)

COMMIT;
COMMIT
