BEGIN;
BEGIN
EXPLAIN (ANALYZE, BUFFERS)
select
	s_name,
	s_address
from
	supplier,
	nation
where
	s_suppkey in (
		select
			distinct (ps_suppkey)
		from
			partsupp,
			part
		where
			ps_partkey=p_partkey
			and p_name like 'chocolate%'
			and ps_availqty > (
				select
					0.5 * sum(l_quantity)
				from
					lineitem
				where
					l_partkey = ps_partkey
					and l_suppkey = ps_suppkey
					and l_shipdate >= '1995-01-01'
					and l_shipdate < cast(date '1995-01-01' + interval '1 year' as date)
			)
	)
	and s_nationkey = n_nationkey
	and n_name = 'INDIA'
order by
	s_name;
                                                                                                  QUERY PLAN                                                                                                   
---------------------------------------------------------------------------------------------------------------------------------------------------------------------------------------------------------------
 Sort  (cost=12740712.16..12740715.08 rows=1170 width=51) (actual time=18578.277..18578.446 rows=1853 loops=1)
   Sort Key: supplier.s_name
   Sort Method: quicksort  Memory: 266kB
   Buffers: shared hit=2733718 read=403205 dirtied=3482 written=12762
   ->  Nested Loop  (cost=12736245.92..12740652.53 rows=1170 width=51) (actual time=18340.804..18565.710 rows=1853 loops=1)
         Join Filter: (supplier.s_nationkey = nation.n_nationkey)
         Rows Removed by Join Filter: 43149
         Buffers: shared hit=2733713 read=403205 dirtied=3482 written=12762
         ->  Seq Scan on nation  (cost=0.00..1.31 rows=1 width=4) (actual time=0.014..0.028 rows=1 loops=1)
               Filter: (n_name = 'INDIA'::bpchar)
               Rows Removed by Filter: 24
               Buffers: shared hit=1
         ->  Hash Semi Join  (cost=12736245.92..12740285.46 rows=29261 width=55) (actual time=18340.749..18556.964 rows=45002 loops=1)
               Hash Cond: (supplier.s_suppkey = partsupp.ps_suppkey)
               Buffers: shared hit=2733712 read=403205 dirtied=3482 written=12762
               ->  Seq Scan on supplier  (cost=0.00..3179.00 rows=100000 width=59) (actual time=0.040..67.669 rows=100000 loops=1)
                     Buffers: shared hit=2179
               ->  Hash  (cost=12735880.15..12735880.15 rows=29261 width=4) (actual time=18340.643..18340.643 rows=45002 loops=1)
                     Buckets: 4096  Batches: 1  Memory Usage: 1583kB
                     Buffers: shared hit=2731533 read=403205 dirtied=3482 written=12762
                     ->  HashAggregate  (cost=12735294.93..12735587.54 rows=29261 width=4) (actual time=18294.873..18322.379 rows=45002 loops=1)
                           Buffers: shared hit=2731533 read=403205 dirtied=3482 written=12762
                           ->  Nested Loop  (cost=0.00..12735221.78 rows=29261 width=4) (actual time=1.316..18158.825 rows=59455 loops=1)
                                 Buffers: shared hit=2731533 read=403205 dirtied=3482 written=12762
                                 ->  Seq Scan on part  (cost=0.00..65522.00 rows=22022 width=4) (actual time=0.010..1525.947 rows=21890 loops=1)
                                       Filter: ((p_name)::text ~~ 'chocolate%'::text)
                                       Rows Removed by Filter: 1978110
                                       Buffers: shared hit=1 read=40521 written=1276
                                 ->  Index Scan using pk_partsupp on partsupp  (cost=0.00..575.31 rows=1 width=8) (actual time=0.597..0.756 rows=3 loops=21890)
                                       Index Cond: (ps_partkey = part.p_partkey)
                                       Filter: ((ps_availqty)::double precision > (SubPlan 1))
                                       Rows Removed by Filter: 1
                                       Buffers: shared hit=2731532 read=362684 dirtied=3482 written=11486
                                       SubPlan 1
                                         ->  Aggregate  (cost=140.92..140.93 rows=1 width=4) (actual time=0.176..0.176 rows=1 loops=87560)
                                               Buffers: shared hit=2662747 read=341127 dirtied=3482 written=10970
                                               ->  Index Scan using lineitem_l_partkey_l_quantity_l_shipmode_idx on lineitem  (cost=0.00..140.92 rows=1 width=4) (actual time=0.110..0.173 rows=1 loops=87560)
                                                     Index Cond: (l_partkey = partsupp.ps_partkey)
                                                     Filter: ((l_shipdate >= '1995-01-01'::date) AND (l_shipdate < '1996-01-01'::date) AND (l_suppkey = partsupp.ps_suppkey))
                                                     Rows Removed by Filter: 29
                                                     Buffers: shared hit=2662747 read=341127 dirtied=3482 written=10970
 Total runtime: 18581.254 ms
(42 rows)

COMMIT;
COMMIT
