BEGIN;
BEGIN
EXPLAIN (ANALYZE, BUFFERS)
select
	s_name,
	s_address
from
	supplier,
	nation
where
	s_suppkey in (
		select
			distinct (ps_suppkey)
		from
			partsupp,
			part
		where
			ps_partkey=p_partkey
			and p_name like 'white%'
			and ps_availqty > (
				select
					0.5 * sum(l_quantity)
				from
					lineitem
				where
					l_partkey = ps_partkey
					and l_suppkey = ps_suppkey
					and l_shipdate >= '1996-01-01'
					and l_shipdate < cast(date '1996-01-01' + interval '1 year' as date)
			)
	)
	and s_nationkey = n_nationkey
	and n_name = 'IRAQ'
order by
	s_name;
                                                                                                  QUERY PLAN                                                                                                   
---------------------------------------------------------------------------------------------------------------------------------------------------------------------------------------------------------------
 Sort  (cost=12740712.16..12740715.08 rows=1170 width=51) (actual time=9971.223..9971.347 rows=1879 loops=1)
   Sort Key: supplier.s_name
   Sort Method: quicksort  Memory: 269kB
   Buffers: shared hit=2775052 read=383734 dirtied=6353 written=9220
   ->  Nested Loop  (cost=12736245.92..12740652.53 rows=1170 width=51) (actual time=9866.238..9962.158 rows=1879 loops=1)
         Join Filter: (supplier.s_nationkey = nation.n_nationkey)
         Rows Removed by Join Filter: 43258
         Buffers: shared hit=2775047 read=383734 dirtied=6353 written=9220
         ->  Seq Scan on nation  (cost=0.00..1.31 rows=1 width=4) (actual time=0.018..0.028 rows=1 loops=1)
               Filter: (n_name = 'IRAQ'::bpchar)
               Rows Removed by Filter: 24
               Buffers: shared hit=1
         ->  Hash Semi Join  (cost=12736245.92..12740285.46 rows=29261 width=55) (actual time=9865.960..9957.377 rows=45137 loops=1)
               Hash Cond: (supplier.s_suppkey = partsupp.ps_suppkey)
               Buffers: shared hit=2775046 read=383734 dirtied=6353 written=9220
               ->  Seq Scan on supplier  (cost=0.00..3179.00 rows=100000 width=59) (actual time=0.026..30.537 rows=100000 loops=1)
                     Buffers: shared hit=1833 read=346 written=49
               ->  Hash  (cost=12735880.15..12735880.15 rows=29261 width=4) (actual time=9865.866..9865.866 rows=45137 loops=1)
                     Buckets: 4096  Batches: 1  Memory Usage: 1587kB
                     Buffers: shared hit=2773213 read=383388 dirtied=6353 written=9171
                     ->  HashAggregate  (cost=12735294.93..12735587.54 rows=29261 width=4) (actual time=9833.972..9855.630 rows=45137 loops=1)
                           Buffers: shared hit=2773213 read=383388 dirtied=6353 written=9171
                           ->  Nested Loop  (cost=0.00..12735221.78 rows=29261 width=4) (actual time=1.397..9748.876 rows=59655 loops=1)
                                 Buffers: shared hit=2773213 read=383388 dirtied=6353 written=9171
                                 ->  Seq Scan on part  (cost=0.00..65522.00 rows=22022 width=4) (actual time=0.165..853.797 rows=22026 loops=1)
                                       Filter: ((p_name)::text ~~ 'white%'::text)
                                       Rows Removed by Filter: 1977974
                                       Buffers: shared hit=2 read=40520 written=939
                                 ->  Index Scan using pk_partsupp on partsupp  (cost=0.00..575.31 rows=1 width=8) (actual time=0.334..0.402 rows=3 loops=22026)
                                       Index Cond: (ps_partkey = part.p_partkey)
                                       Filter: ((ps_availqty)::double precision > (SubPlan 1))
                                       Rows Removed by Filter: 1
                                       Buffers: shared hit=2773211 read=342868 dirtied=6353 written=8232
                                       SubPlan 1
                                         ->  Aggregate  (cost=140.92..140.93 rows=1 width=4) (actual time=0.092..0.092 rows=1 loops=88104)
                                               Buffers: shared hit=2717756 read=307341 dirtied=6353 written=7520
                                               ->  Index Scan using lineitem_l_partkey_l_quantity_l_shipmode_idx on lineitem  (cost=0.00..140.92 rows=1 width=4) (actual time=0.057..0.091 rows=1 loops=88104)
                                                     Index Cond: (l_partkey = partsupp.ps_partkey)
                                                     Filter: ((l_shipdate >= '1996-01-01'::date) AND (l_shipdate < '1997-01-01'::date) AND (l_suppkey = partsupp.ps_suppkey))
                                                     Rows Removed by Filter: 29
                                                     Buffers: shared hit=2717756 read=307341 dirtied=6353 written=7520
 Total runtime: 9973.479 ms
(42 rows)

COMMIT;
COMMIT
