BEGIN;
BEGIN
EXPLAIN (ANALYZE, BUFFERS)
select
	s_name,
	s_address
from
	supplier,
	nation
where
	s_suppkey in (
		select
			distinct (ps_suppkey)
		from
			partsupp,
			part
		where
			ps_partkey=p_partkey
			and p_name like 'blanched%'
			and ps_availqty > (
				select
					0.5 * sum(l_quantity)
				from
					lineitem
				where
					l_partkey = ps_partkey
					and l_suppkey = ps_suppkey
					and l_shipdate >= '1993-01-01'
					and l_shipdate < cast(date '1993-01-01' + interval '1 year' as date)
			)
	)
	and s_nationkey = n_nationkey
	and n_name = 'INDONESIA'
order by
	s_name;
                                                                                                  QUERY PLAN                                                                                                   
---------------------------------------------------------------------------------------------------------------------------------------------------------------------------------------------------------------
 Sort  (cost=12740712.16..12740715.08 rows=1170 width=51) (actual time=18384.618..18384.792 rows=1782 loops=1)
   Sort Key: supplier.s_name
   Sort Method: quicksort  Memory: 256kB
   Buffers: shared hit=2742683 read=371871 dirtied=707 written=3883
   ->  Nested Loop  (cost=12736245.92..12740652.53 rows=1170 width=51) (actual time=18084.499..18373.993 rows=1782 loops=1)
         Join Filter: (supplier.s_nationkey = nation.n_nationkey)
         Rows Removed by Join Filter: 42916
         Buffers: shared hit=2742678 read=371871 dirtied=707 written=3883
         ->  Seq Scan on nation  (cost=0.00..1.31 rows=1 width=4) (actual time=0.017..0.028 rows=1 loops=1)
               Filter: (n_name = 'INDONESIA'::bpchar)
               Rows Removed by Filter: 24
               Buffers: shared hit=1
         ->  Hash Semi Join  (cost=12736245.92..12740285.46 rows=29261 width=55) (actual time=18084.418..18365.724 rows=44698 loops=1)
               Hash Cond: (supplier.s_suppkey = partsupp.ps_suppkey)
               Buffers: shared hit=2742677 read=371871 dirtied=707 written=3883
               ->  Seq Scan on supplier  (cost=0.00..3179.00 rows=100000 width=59) (actual time=0.019..46.187 rows=100000 loops=1)
                     Buffers: shared hit=2051 read=128
               ->  Hash  (cost=12735880.15..12735880.15 rows=29261 width=4) (actual time=18084.331..18084.331 rows=44698 loops=1)
                     Buckets: 4096  Batches: 1  Memory Usage: 1572kB
                     Buffers: shared hit=2740626 read=371743 dirtied=707 written=3883
                     ->  HashAggregate  (cost=12735294.93..12735587.54 rows=29261 width=4) (actual time=18032.470..18065.714 rows=44698 loops=1)
                           Buffers: shared hit=2740626 read=371743 dirtied=707 written=3883
                           ->  Nested Loop  (cost=0.00..12735221.78 rows=29261 width=4) (actual time=1.474..17900.481 rows=59113 loops=1)
                                 Buffers: shared hit=2740626 read=371743 dirtied=707 written=3883
                                 ->  Seq Scan on part  (cost=0.00..65522.00 rows=22022 width=4) (actual time=0.018..1456.058 rows=21780 loops=1)
                                       Filter: ((p_name)::text ~~ 'blanched%'::text)
                                       Rows Removed by Filter: 1978220
                                       Buffers: shared hit=955 read=39567 written=175
                                 ->  Index Scan using pk_partsupp on partsupp  (cost=0.00..575.31 rows=1 width=8) (actual time=0.577..0.752 rows=3 loops=21780)
                                       Index Cond: (ps_partkey = part.p_partkey)
                                       Filter: ((ps_availqty)::double precision > (SubPlan 1))
                                       Rows Removed by Filter: 1
                                       Buffers: shared hit=2739671 read=332176 dirtied=707 written=3708
                                       SubPlan 1
                                         ->  Aggregate  (cost=140.92..140.93 rows=1 width=4) (actual time=0.174..0.174 rows=1 loops=87120)
                                               Buffers: shared hit=2677940 read=303844 dirtied=707 written=3556
                                               ->  Index Scan using lineitem_l_partkey_l_quantity_l_shipmode_idx on lineitem  (cost=0.00..140.92 rows=1 width=4) (actual time=0.108..0.171 rows=1 loops=87120)
                                                     Index Cond: (l_partkey = partsupp.ps_partkey)
                                                     Filter: ((l_shipdate >= '1993-01-01'::date) AND (l_shipdate < '1994-01-01'::date) AND (l_suppkey = partsupp.ps_suppkey))
                                                     Rows Removed by Filter: 29
                                                     Buffers: shared hit=2677940 read=303844 dirtied=707 written=3556
 Total runtime: 18387.036 ms
(42 rows)

COMMIT;
COMMIT
