BEGIN;
BEGIN
EXPLAIN (ANALYZE, BUFFERS)
select
	s_name,
	s_address
from
	supplier,
	nation
where
	s_suppkey in (
		select
			distinct (ps_suppkey)
		from
			partsupp,
			part
		where
			ps_partkey=p_partkey
			and p_name like 'misty%'
			and ps_availqty > (
				select
					0.5 * sum(l_quantity)
				from
					lineitem
				where
					l_partkey = ps_partkey
					and l_suppkey = ps_suppkey
					and l_shipdate >= '1994-01-01'
					and l_shipdate < cast(date '1994-01-01' + interval '1 year' as date)
			)
	)
	and s_nationkey = n_nationkey
	and n_name = 'UNITED KINGDOM'
order by
	s_name;
                                                                                               QUERY PLAN                                                                                                
---------------------------------------------------------------------------------------------------------------------------------------------------------------------------------------------------------
 Sort  (cost=11590858.57..11590861.23 rows=1064 width=51) (actual time=15157.130..15157.289 rows=1780 loops=1)
   Sort Key: supplier.s_name
   Sort Method: quicksort  Memory: 254kB
   Buffers: shared hit=2668139 read=385079 dirtied=4494 written=535
   ->  Hash Semi Join  (cost=11588461.94..11590805.08 rows=1064 width=51) (actual time=15122.671..15147.349 rows=1780 loops=1)
         Hash Cond: (supplier.s_suppkey = partsupp.ps_suppkey)
         Buffers: shared hit=2668134 read=385079 dirtied=4494 written=535
         ->  Nested Loop  (cost=79.26..2391.58 rows=4000 width=55) (actual time=1.682..19.150 rows=3973 loops=1)
               Buffers: shared hit=1862 read=12
               ->  Seq Scan on nation  (cost=0.00..1.31 rows=1 width=4) (actual time=0.012..0.019 rows=1 loops=1)
                     Filter: (n_name = 'UNITED KINGDOM'::bpchar)
                     Rows Removed by Filter: 24
                     Buffers: shared hit=1
               ->  Bitmap Heap Scan on supplier  (cost=79.26..2350.26 rows=4000 width=59) (actual time=1.665..17.859 rows=3973 loops=1)
                     Recheck Cond: (s_nationkey = nation.n_nationkey)
                     Buffers: shared hit=1861 read=12
                     ->  Bitmap Index Scan on supplier_s_nationkey_s_suppkey_idx  (cost=0.00..78.26 rows=4000 width=0) (actual time=1.297..1.297 rows=3973 loops=1)
                           Index Cond: (s_nationkey = nation.n_nationkey)
                           Buffers: shared hit=2 read=12
         ->  Hash  (cost=11588050.17..11588050.17 rows=26601 width=4) (actual time=15120.940..15120.940 rows=43928 loops=1)
               Buckets: 4096  Batches: 1  Memory Usage: 1545kB
               Buffers: shared hit=2666272 read=385067 dirtied=4494 written=535
               ->  HashAggregate  (cost=11587518.15..11587784.16 rows=26601 width=4) (actual time=15074.518..15104.946 rows=43928 loops=1)
                     Buffers: shared hit=2666272 read=385067 dirtied=4494 written=535
                     ->  Nested Loop  (cost=0.00..11587451.64 rows=26601 width=4) (actual time=1.204..14956.896 rows=57721 loops=1)
                           Buffers: shared hit=2666272 read=385067 dirtied=4494 written=535
                           ->  Seq Scan on part  (cost=0.00..65522.00 rows=20020 width=4) (actual time=0.014..1309.905 rows=21291 loops=1)
                                 Filter: ((p_name)::text ~~ 'misty%'::text)
                                 Rows Removed by Filter: 1978709
                                 Buffers: shared hit=1 read=40521 written=58
                           ->  Index Scan using pk_partsupp on partsupp  (cost=0.00..575.51 rows=1 width=8) (actual time=0.498..0.638 rows=3 loops=21291)
                                 Index Cond: (ps_partkey = part.p_partkey)
                                 Filter: ((ps_availqty)::double precision > (SubPlan 1))
                                 Rows Removed by Filter: 1
                                 Buffers: shared hit=2666271 read=344546 dirtied=4494 written=477
                                 SubPlan 1
                                   ->  Aggregate  (cost=140.92..140.93 rows=1 width=4) (actual time=0.148..0.148 rows=1 loops=85164)
                                         Buffers: shared hit=2599367 read=323519 dirtied=4494 written=439
                                         ->  Index Scan using lineitem_l_partkey_l_quantity_l_shipmode_idx on lineitem  (cost=0.00..140.92 rows=1 width=4) (actual time=0.092..0.146 rows=1 loops=85164)
                                               Index Cond: (l_partkey = partsupp.ps_partkey)
                                               Filter: ((l_shipdate >= '1994-01-01'::date) AND (l_shipdate < '1995-01-01'::date) AND (l_suppkey = partsupp.ps_suppkey))
                                               Rows Removed by Filter: 29
                                               Buffers: shared hit=2599367 read=323519 dirtied=4494 written=439
 Total runtime: 15158.972 ms
(44 rows)

COMMIT;
COMMIT
