BEGIN;
BEGIN
EXPLAIN (ANALYZE, BUFFERS)
select
	c_custkey,
	c_name,
	sum(l_extendedprice * (1 - l_discount)) as revenue,
	c_acctbal,
	n_name,
	c_address,
	c_phone,
	c_comment
from
	customer,
	orders,
	lineitem,
	nation
where
	c_custkey = o_custkey
	and l_orderkey = o_orderkey
	and o_orderdate >= date '1994-10-01'
	and o_orderdate < cast(date '1994-10-01' + interval '3 month' as date)
	and l_returnflag = 'R'
	and c_nationkey = n_nationkey
group by
	c_custkey,
	c_name,
	c_acctbal,
	c_phone,
	n_name,
	c_address,
	c_comment
order by
	revenue desc
LIMIT 20;
                                                                                                QUERY PLAN                                                                                                 
-----------------------------------------------------------------------------------------------------------------------------------------------------------------------------------------------------------
 Limit  (cost=1197204.20..1197204.25 rows=20 width=175) (actual time=41459.381..41459.391 rows=20 loops=1)
   Buffers: shared hit=510578 read=922725 dirtied=257 written=52538
   ->  Sort  (cost=1197204.20..1198642.80 rows=575437 width=175) (actual time=41459.376..41459.384 rows=20 loops=1)
         Sort Key: (sum((lineitem.l_extendedprice * (1::double precision - lineitem.l_discount))))
         Sort Method: top-N heapsort  Memory: 30kB
         Buffers: shared hit=510578 read=922725 dirtied=257 written=52538
         ->  HashAggregate  (cost=1176137.66..1181892.03 rows=575437 width=175) (actual time=40900.160..41280.808 rows=381722 loops=1)
               Buffers: shared hit=510575 read=922725 dirtied=257 written=52538
               ->  Hash Join  (cost=402426.01..1161751.74 rows=575437 width=175) (actual time=6175.258..36560.034 rows=1149887 loops=1)
                     Hash Cond: (customer.c_nationkey = nation.n_nationkey)
                     Buffers: shared hit=510575 read=922725 dirtied=257 written=52538
                     ->  Hash Join  (cost=402424.45..1153837.92 rows=575437 width=153) (actual time=6175.206..35774.535 rows=1149887 loops=1)
                           Hash Cond: (orders.o_custkey = customer.c_custkey)
                           Buffers: shared hit=510574 read=922725 dirtied=257 written=52538
                           ->  Merge Join  (cost=333396.45..1073301.18 rows=575437 width=12) (actual time=3633.999..30911.395 rows=1149887 loops=1)
                                 Merge Cond: (orders.o_orderkey = lineitem.l_orderkey)
                                 Buffers: shared hit=475296 read=922725 dirtied=257 written=52538
                                 ->  Sort  (cost=333396.45..334851.28 rows=581934 width=8) (actual time=3633.695..3841.938 rows=574225 loops=1)
                                       Sort Key: orders.o_orderkey
                                       Sort Method: quicksort  Memory: 51493kB
                                       Buffers: shared hit=198515 read=34227 written=188
                                       ->  Bitmap Heap Scan on orders  (cost=12638.81..277674.82 rows=581934 width=8) (actual time=544.789..3351.863 rows=574225 loops=1)
                                             Recheck Cond: ((o_orderdate >= '1994-10-01'::date) AND (o_orderdate < '1995-01-01'::date))
                                             Buffers: shared hit=198515 read=34227 written=188
                                             ->  Bitmap Index Scan on orders_o_orderdate_o_orderkey_idx  (cost=0.00..12493.33 rows=581934 width=0) (actual time=423.566..423.566 rows=581242 loops=1)
                                                   Index Cond: ((o_orderdate >= '1994-10-01'::date) AND (o_orderdate < '1995-01-01'::date))
                                                   Buffers: shared hit=3 read=1662
                                 ->  Index Scan using lineitem_l_orderkey_idx_l_returnflag on lineitem  (cost=0.00..693716.80 rows=15010451 width=12) (actual time=0.169..23644.159 rows=14807664 loops=1)
                                       Buffers: shared hit=276781 read=888498 dirtied=257 written=52350
                           ->  Hash  (cost=50278.00..50278.00 rows=1500000 width=145) (actual time=2539.360..2539.360 rows=1500000 loops=1)
                                 Buckets: 262144  Batches: 1  Memory Usage: 265117kB
                                 Buffers: shared hit=35278
                                 ->  Seq Scan on customer  (cost=0.00..50278.00 rows=1500000 width=145) (actual time=0.024..1193.067 rows=1500000 loops=1)
                                       Buffers: shared hit=35278
                     ->  Hash  (cost=1.25..1.25 rows=25 width=30) (actual time=0.026..0.026 rows=25 loops=1)
                           Buckets: 1024  Batches: 1  Memory Usage: 2kB
                           Buffers: shared hit=1
                           ->  Seq Scan on nation  (cost=0.00..1.25 rows=25 width=30) (actual time=0.008..0.020 rows=25 loops=1)
                                 Buffers: shared hit=1
 Total runtime: 41517.373 ms
(40 rows)

COMMIT;
COMMIT
