BEGIN;
BEGIN
EXPLAIN (ANALYZE, BUFFERS)
select
	s_name,
	s_address
from
	supplier,
	nation
where
	s_suppkey in (
		select
			distinct (ps_suppkey)
		from
			partsupp,
			part
		where
			ps_partkey=p_partkey
			and p_name like 'chiffon%'
			and ps_availqty > (
				select
					0.5 * sum(l_quantity)
				from
					lineitem
				where
					l_partkey = ps_partkey
					and l_suppkey = ps_suppkey
					and l_shipdate >= '1994-01-01'
					and l_shipdate < cast(date '1994-01-01' + interval '1 year' as date)
			)
	)
	and s_nationkey = n_nationkey
	and n_name = 'FRANCE'
order by
	s_name;
                                                                                                  QUERY PLAN                                                                                                   
---------------------------------------------------------------------------------------------------------------------------------------------------------------------------------------------------------------
 Sort  (cost=12740712.16..12740715.08 rows=1170 width=51) (actual time=13063.452..13063.568 rows=1754 loops=1)
   Sort Key: supplier.s_name
   Sort Method: quicksort  Memory: 254kB
   Buffers: shared hit=2667573 read=416450 dirtied=5367 written=26
   ->  Nested Loop  (cost=12736245.92..12740652.53 rows=1170 width=51) (actual time=12860.097..13054.627 rows=1754 loops=1)
         Join Filter: (supplier.s_nationkey = nation.n_nationkey)
         Rows Removed by Join Filter: 42700
         Buffers: shared hit=2667568 read=416450 dirtied=5367 written=26
         ->  Seq Scan on nation  (cost=0.00..1.31 rows=1 width=4) (actual time=0.017..0.029 rows=1 loops=1)
               Filter: (n_name = 'FRANCE'::bpchar)
               Rows Removed by Filter: 24
               Buffers: shared hit=1
         ->  Hash Semi Join  (cost=12736245.92..12740285.46 rows=29261 width=55) (actual time=12859.818..13044.419 rows=44454 loops=1)
               Hash Cond: (supplier.s_suppkey = partsupp.ps_suppkey)
               Buffers: shared hit=2667567 read=416450 dirtied=5367 written=26
               ->  Seq Scan on supplier  (cost=0.00..3179.00 rows=100000 width=59) (actual time=0.034..48.477 rows=100000 loops=1)
                     Buffers: shared hit=2179
               ->  Hash  (cost=12735880.15..12735880.15 rows=29261 width=4) (actual time=12859.724..12859.724 rows=44454 loops=1)
                     Buckets: 4096  Batches: 1  Memory Usage: 1563kB
                     Buffers: shared hit=2665388 read=416450 dirtied=5367 written=26
                     ->  HashAggregate  (cost=12735294.93..12735587.54 rows=29261 width=4) (actual time=12808.854..12841.663 rows=44454 loops=1)
                           Buffers: shared hit=2665388 read=416450 dirtied=5367 written=26
                           ->  Nested Loop  (cost=0.00..12735221.78 rows=29261 width=4) (actual time=0.974..12705.006 rows=58678 loops=1)
                                 Buffers: shared hit=2665388 read=416450 dirtied=5367 written=26
                                 ->  Seq Scan on part  (cost=0.00..65522.00 rows=22022 width=4) (actual time=0.027..1063.167 rows=21569 loops=1)
                                       Filter: ((p_name)::text ~~ 'chiffon%'::text)
                                       Rows Removed by Filter: 1978431
                                       Buffers: shared hit=7442 read=33080 written=2
                                 ->  Index Scan using pk_partsupp on partsupp  (cost=0.00..575.31 rows=1 width=8) (actual time=0.435..0.537 rows=3 loops=21569)
                                       Index Cond: (ps_partkey = part.p_partkey)
                                       Filter: ((ps_availqty)::double precision > (SubPlan 1))
                                       Rows Removed by Filter: 1
                                       Buffers: shared hit=2657946 read=383370 dirtied=5367 written=24
                                       SubPlan 1
                                         ->  Aggregate  (cost=140.92..140.93 rows=1 width=4) (actual time=0.124..0.124 rows=1 loops=86276)
                                               Buffers: shared hit=2599489 read=352826 dirtied=5367 written=22
                                               ->  Index Scan using lineitem_l_partkey_l_quantity_l_shipmode_idx on lineitem  (cost=0.00..140.92 rows=1 width=4) (actual time=0.077..0.122 rows=1 loops=86276)
                                                     Index Cond: (l_partkey = partsupp.ps_partkey)
                                                     Filter: ((l_shipdate >= '1994-01-01'::date) AND (l_shipdate < '1995-01-01'::date) AND (l_suppkey = partsupp.ps_suppkey))
                                                     Rows Removed by Filter: 29
                                                     Buffers: shared hit=2599489 read=352826 dirtied=5367 written=22
 Total runtime: 13065.785 ms
(42 rows)

COMMIT;
COMMIT
