BEGIN;
BEGIN
EXPLAIN (ANALYZE, BUFFERS)
select
	s_name,
	count(*) as numwait
from
	supplier,
	lineitem l1,
	orders,
	nation
where
	s_suppkey = l1.l_suppkey
	and o_orderkey = l1.l_orderkey
	and o_orderstatus = 'F'
	and l1.l_receiptdate > l1.l_commitdate
	and exists (
		select
			*
		from
			lineitem l2
		where
			l2.l_orderkey = l1.l_orderkey
			and l2.l_suppkey <> l1.l_suppkey
	)
	and not exists (
		select
			*
		from
			lineitem l3
		where
			l3.l_orderkey = l1.l_orderkey
			and l3.l_suppkey <> l1.l_suppkey
			and l3.l_receiptdate > l3.l_commitdate
	)
	and s_nationkey = n_nationkey
	and n_name = 'GERMANY'
group by
	s_name
order by
	numwait desc,
	s_name
LIMIT 100;
                                                                                               QUERY PLAN                                                                                               
--------------------------------------------------------------------------------------------------------------------------------------------------------------------------------------------------------
 Limit  (cost=4866435.50..4866435.51 rows=1 width=26) (actual time=155402.895..155402.912 rows=100 loops=1)
   Buffers: shared hit=10318727 read=1368631 dirtied=1413 written=9688, temp read=161791 written=161785
   ->  Sort  (cost=4866435.50..4866435.51 rows=1 width=26) (actual time=155402.892..155402.898 rows=100 loops=1)
         Sort Key: (count(*)), supplier.s_name
         Sort Method: top-N heapsort  Memory: 32kB
         Buffers: shared hit=10318727 read=1368631 dirtied=1413 written=9688, temp read=161791 written=161785
         ->  HashAggregate  (cost=4866435.48..4866435.49 rows=1 width=26) (actual time=155398.179..155400.134 rows=4049 loops=1)
               Buffers: shared hit=10318719 read=1368631 dirtied=1413 written=9688, temp read=161791 written=161785
               ->  Nested Loop Anti Join  (cost=2688933.85..4866435.48 rows=1 width=26) (actual time=61086.153..155259.147 rows=40189 loops=1)
                     Buffers: shared hit=10318719 read=1368631 dirtied=1413 written=9688, temp read=161791 written=161785
                     ->  Nested Loop  (cost=2688933.85..4866420.26 rows=1 width=34) (actual time=61077.851..141602.042 rows=715357 loops=1)
                           Join Filter: (l1.l_orderkey = orders.o_orderkey)
                           Buffers: shared hit=7170364 read=924955 dirtied=1413 written=898, temp read=161791 written=161785
                           ->  Hash Semi Join  (cost=2688933.85..4866418.27 rows=1 width=38) (actual time=61077.792..126919.387 rows=1481172 loops=1)
                                 Hash Cond: (l1.l_orderkey = l2.l_orderkey)
                                 Join Filter: (l2.l_suppkey <> l1.l_suppkey)
                                 Rows Removed by Join Filter: 384816
                                 Buffers: shared hit=1380647 read=781840 dirtied=1260 written=8, temp read=161791 written=161785
                                 ->  Hash Join  (cost=2441.58..1927220.97 rows=811006 width=34) (actual time=45.262..52643.133 rows=1535949 loops=1)
                                       Hash Cond: (l1.l_suppkey = supplier.s_suppkey)
                                       Buffers: shared hit=699831 read=382337 written=1
                                       ->  Seq Scan on lineitem l1  (cost=0.00..1840637.49 rows=20275160 width=8) (actual time=0.053..33980.430 rows=37966096 loops=1)
                                             Filter: (l_receiptdate > l_commitdate)
                                             Rows Removed by Filter: 22078937
                                             Buffers: shared hit=698278 read=382041 written=1
                                       ->  Hash  (cost=2391.58..2391.58 rows=4000 width=30) (actual time=45.132..45.132 rows=4049 loops=1)
                                             Buckets: 1024  Batches: 1  Memory Usage: 254kB
                                             Buffers: shared hit=1550 read=296
                                             ->  Nested Loop  (cost=79.26..2391.58 rows=4000 width=30) (actual time=1.889..42.332 rows=4049 loops=1)
                                                   Buffers: shared hit=1550 read=296
                                                   ->  Seq Scan on nation  (cost=0.00..1.31 rows=1 width=4) (actual time=0.014..0.026 rows=1 loops=1)
                                                         Filter: (n_name = 'GERMANY'::bpchar)
                                                         Rows Removed by Filter: 24
                                                         Buffers: shared hit=1
                                                   ->  Bitmap Heap Scan on supplier  (cost=79.26..2350.26 rows=4000 width=34) (actual time=1.865..40.523 rows=4049 loops=1)
                                                         Recheck Cond: (s_nationkey = nation.n_nationkey)
                                                         Buffers: shared hit=1549 read=296
                                                         ->  Bitmap Index Scan on supplier_s_nationkey_s_suppkey_idx  (cost=0.00..78.26 rows=4000 width=0) (actual time=1.486..1.486 rows=4049 loops=1)
                                                               Index Cond: (s_nationkey = nation.n_nationkey)
                                                               Buffers: shared hit=2 read=12
                                 ->  Hash  (cost=1688573.79..1688573.79 rows=60825479 width=8) (actual time=60994.437..60994.437 rows=60045033 loops=1)
                                       Buckets: 4194304  Batches: 4  Memory Usage: 586575kB
                                       Buffers: shared hit=680816 read=399503 dirtied=1260 written=7, temp written=153905
                                       ->  Seq Scan on lineitem l2  (cost=0.00..1688573.79 rows=60825479 width=8) (actual time=0.035..29590.765 rows=60045033 loops=1)
                                             Buffers: shared hit=680816 read=399503 dirtied=1260 written=7
                           ->  Index Scan using pk_orders on orders  (cost=0.00..1.98 rows=1 width=4) (actual time=0.009..0.009 rows=0 loops=1481172)
                                 Index Cond: (o_orderkey = l2.l_orderkey)
                                 Filter: (o_orderstatus = 'F'::bpchar)
                                 Rows Removed by Filter: 1
                                 Buffers: shared hit=5789717 read=143115 dirtied=153 written=890
                     ->  Index Scan using pk_lineitem on lineitem l3  (cost=0.00..7.58 rows=5 width=8) (actual time=0.018..0.018 rows=1 loops=715357)
                           Index Cond: (l_orderkey = l1.l_orderkey)
                           Filter: ((l_receiptdate > l_commitdate) AND (l_suppkey <> l1.l_suppkey))
                           Rows Removed by Filter: 1
                           Buffers: shared hit=3148355 read=443676 written=8790
 Total runtime: 155404.408 ms
(56 rows)

COMMIT;
COMMIT
